#-----------------------------------------------------------
# Vivado v2014.4 (64-bit)
# SW Build 1071353 on Tue Nov 18 18:29:27 MST 2014
# IP Build 1070531 on Tue Nov 18 01:10:18 MST 2014
# Start of session at: Thu Apr 01 15:30:04 2021
# Process ID: 24572
# Log file: C:/Cosmos-plus-OpenSSD-master/project/Predefined/2Ch8Way-1.0.0/OpenSSD2_2Ch8Way-1.0.0/vivado.log
# Journal file: C:/Cosmos-plus-OpenSSD-master/project/Predefined/2Ch8Way-1.0.0/OpenSSD2_2Ch8Way-1.0.0\vivado.jou
#-----------------------------------------------------------
start_gui
open_project C:/Cosmos-plus-OpenSSD-master/project/Predefined/2Ch8Way-1.0.0/OpenSSD2_2Ch8Way-1.0.0/OpenSSD2.xpr
INFO: [Project 1-489] The host OS only allows 260 characters in a normal path. The project is stored in a path with more than 80 characters. If you experience issues with IP, Block Designs, or files not being found, please consider moving the project to a location with a shorter path. Alternately consider using the OS subst command to map part of the path to a drive letter.
Current project path is 'C:/Cosmos-plus-OpenSSD-master/project/Predefined/2Ch8Way-1.0.0/OpenSSD2_2Ch8Way-1.0.0'
INFO: [Project 1-313] Project file moved from 'C:/OpenSSD/Project/OpenSSD2_2Ch8Way_Release' since last save.
Scanning sources...
Finished scanning sources
WARNING: [filemgmt 56-2] IP Repository Path: Could not find the directory 'C:/Cosmos-plus-OpenSSD-master/project/Predefined/IPRepo', nor could it be found using path 'C:/OpenSSD/IPRepo'.
INFO: [IP_Flow 19-234] Refreshing IP repositories
WARNING: [IP_Flow 19-2248] Failed to load user IP repository 'c:/Cosmos-plus-OpenSSD-master/project/Predefined/IPRepo'; Can't find the specified path.
If this directory should no longer be in your list of user repositories, go to the IP Settings dialog and remove it.
INFO: [IP_Flow 19-2313] Loaded Vivado IP repository 'C:/Xilinx/Vivado/2014.4/data/ip'.
WARNING: [BD 41-1303] One or more IPs have been locked in the design 'OpenSSD2.bd'. Please run report_ip_status for more details and recommendations on how to fix this issue.
open_project: Time (s): cpu = 00:00:15 ; elapsed = 00:00:18 . Memory (MB): peak = 871.582 ; gain = 272.332
launch_runs synth_1
INFO: [HDL 9-2216] Analyzing Verilog file "C:/Cosmos-plus-OpenSSD-master/project/Predefined/2Ch8Way-1.0.0/OpenSSD2_2Ch8Way-1.0.0/OpenSSD2.srcs/sources_1/bd/OpenSSD2/hdl/OpenSSD2.v" into library work [C:/Cosmos-plus-OpenSSD-master/project/Predefined/2Ch8Way-1.0.0/OpenSSD2_2Ch8Way-1.0.0/OpenSSD2.srcs/sources_1/bd/OpenSSD2/hdl/OpenSSD2.v:1]
[Thu Apr 01 15:30:34 2021] Launched synth_1...
Run output will be captured here: C:/Cosmos-plus-OpenSSD-master/project/Predefined/2Ch8Way-1.0.0/OpenSSD2_2Ch8Way-1.0.0/OpenSSD2.runs/synth_1/runme.log
exit
INFO: [Common 17-206] Exiting Vivado at Thu Apr 01 15:31:02 2021...
